[debug] [2025-01-16T10:52:22.050Z] ----------------------------------------------------------------------
[debug] [2025-01-16T10:52:22.052Z] Command:       C:\Program Files\nodejs\node.exe C:\Program Files\nodejs\node_modules\firebase-tools\lib\bin\firebase.js init
[debug] [2025-01-16T10:52:22.052Z] CLI Version:   13.22.0
[debug] [2025-01-16T10:52:22.053Z] Platform:      win32
[debug] [2025-01-16T10:52:22.053Z] Node Version:  v18.20.4
[debug] [2025-01-16T10:52:22.053Z] Time:          Thu Jan 16 2025 02:52:22 GMT-0800 (Pacific Standard Time)
[debug] [2025-01-16T10:52:22.054Z] ----------------------------------------------------------------------
[debug] 
[debug] [2025-01-16T10:52:22.135Z] > command requires scopes: ["email","openid","https://www.googleapis.com/auth/cloudplatformprojects.readonly","https://www.googleapis.com/auth/firebase","https://www.googleapis.com/auth/cloud-platform"]
[debug] [2025-01-16T10:52:22.136Z] > authorizing via signed-in user (rizzikhan66@gmail.com)
[info] 
     ######## #### ########  ######## ########     ###     ######  ########
     ##        ##  ##     ## ##       ##     ##  ##   ##  ##       ##
     ######    ##  ########  ######   ########  #########  ######  ######
     ##        ##  ##    ##  ##       ##     ## ##     ##       ## ##
     ##       #### ##     ## ######## ########  ##     ##  ######  ########

You're about to initialize a Firebase project in this directory:

  D:\My portfolio website

Before we get started, keep in mind:

  * You are initializing within an existing Firebase project directory

[info] 
=== Project Setup
[info] 
[info] First, let's associate this project directory with a Firebase project.
[info] You can create multiple project aliases by running firebase use --add, 
[info] but for now we'll just set up a default project.
[info] 
[debug] [2025-01-16T10:52:33.151Z] Using project from CLI flag: portfolio-ef9a6
[debug] [2025-01-16T10:52:33.152Z] Checked if tokens are valid: false, expires at: 1728817855898
[debug] [2025-01-16T10:52:33.152Z] Checked if tokens are valid: false, expires at: 1728817855898
[debug] [2025-01-16T10:52:33.152Z] > refreshing access token with scopes: []
[debug] [2025-01-16T10:52:33.154Z] >>> [apiv2][query] POST https://www.googleapis.com/oauth2/v3/token [none]
[debug] [2025-01-16T10:52:33.154Z] >>> [apiv2][body] POST https://www.googleapis.com/oauth2/v3/token [omitted]
[debug] [2025-01-16T10:52:33.888Z] <<< [apiv2][status] POST https://www.googleapis.com/oauth2/v3/token 400
[debug] [2025-01-16T10:52:33.888Z] <<< [apiv2][body] POST https://www.googleapis.com/oauth2/v3/token [omitted]
[debug] [2025-01-16T10:52:33.889Z] >>> [apiv2][query] GET https://firebase.googleapis.com/v1beta1/projects/portfolio-ef9a6 [none]
[debug] [2025-01-16T10:52:34.564Z] <<< [apiv2][status] GET https://firebase.googleapis.com/v1beta1/projects/portfolio-ef9a6 401
[debug] [2025-01-16T10:52:34.564Z] <<< [apiv2][body] GET https://firebase.googleapis.com/v1beta1/projects/portfolio-ef9a6 {"error":{"code":401,"message":"Request had invalid authentication credentials. Expected OAuth 2 access token, login cookie or other valid authentication credential. See https://developers.google.com/identity/sign-in/web/devconsole-project.","status":"UNAUTHENTICATED"}}
[debug] [2025-01-16T10:52:34.565Z] Got a 401 Unauthenticated error for a call that required authentication. Refreshing tokens.
[debug] [2025-01-16T10:52:34.565Z] Checked if tokens are valid: false, expires at: 1728817855898
[debug] [2025-01-16T10:52:34.565Z] Checked if tokens are valid: false, expires at: 1728817855898
[debug] [2025-01-16T10:52:34.565Z] > refreshing access token with scopes: []
[debug] [2025-01-16T10:52:34.565Z] >>> [apiv2][query] POST https://www.googleapis.com/oauth2/v3/token [none]
[debug] [2025-01-16T10:52:34.565Z] >>> [apiv2][body] POST https://www.googleapis.com/oauth2/v3/token [omitted]
[debug] [2025-01-16T10:52:35.203Z] <<< [apiv2][status] POST https://www.googleapis.com/oauth2/v3/token 400
[debug] [2025-01-16T10:52:35.203Z] <<< [apiv2][body] POST https://www.googleapis.com/oauth2/v3/token [omitted]
[debug] [2025-01-16T10:52:35.204Z] HTTP Error: 401, Request had invalid authentication credentials. Expected OAuth 2 access token, login cookie or other valid authentication credential. See https://developers.google.com/identity/sign-in/web/devconsole-project.
[debug] [2025-01-16T10:52:35.205Z] FirebaseError: HTTP Error: 401, Request had invalid authentication credentials. Expected OAuth 2 access token, login cookie or other valid authentication credential. See https://developers.google.com/identity/sign-in/web/devconsole-project.
    at responseToError (C:\Users\hp\AppData\Roaming\nvm\v18.20.4\node_modules\firebase-tools\lib\responseToError.js:49:12)
    at RetryOperation._fn (C:\Users\hp\AppData\Roaming\nvm\v18.20.4\node_modules\firebase-tools\lib\apiv2.js:312:77)
    at process.processTicksAndRejections (node:internal/process/task_queues:95:5)
[error] 
[error] Error: Failed to get Firebase project portfolio-ef9a6. Please make sure the project exists and your account has permission to access it.
[debug] [2025-01-16T10:52:53.858Z] ----------------------------------------------------------------------
[debug] [2025-01-16T10:52:53.860Z] Command:       C:\Program Files\nodejs\node.exe C:\Program Files\nodejs\node_modules\firebase-tools\lib\bin\firebase.js deploy
[debug] [2025-01-16T10:52:53.860Z] CLI Version:   13.22.0
[debug] [2025-01-16T10:52:53.861Z] Platform:      win32
[debug] [2025-01-16T10:52:53.861Z] Node Version:  v18.20.4
[debug] [2025-01-16T10:52:53.862Z] Time:          Thu Jan 16 2025 02:52:53 GMT-0800 (Pacific Standard Time)
[debug] [2025-01-16T10:52:53.862Z] ----------------------------------------------------------------------
[debug] 
[debug] [2025-01-16T10:52:53.938Z] > command requires scopes: ["email","openid","https://www.googleapis.com/auth/cloudplatformprojects.readonly","https://www.googleapis.com/auth/firebase","https://www.googleapis.com/auth/cloud-platform"]
[debug] [2025-01-16T10:52:53.939Z] > authorizing via signed-in user (rizzikhan66@gmail.com)
[debug] [2025-01-16T10:52:53.939Z] [iam] checking project portfolio-ef9a6 for permissions ["firebase.projects.get","firebasehosting.sites.update"]
[debug] [2025-01-16T10:52:53.940Z] Checked if tokens are valid: false, expires at: 1728817855898
[debug] [2025-01-16T10:52:53.940Z] Checked if tokens are valid: false, expires at: 1728817855898
[debug] [2025-01-16T10:52:53.941Z] > refreshing access token with scopes: []
[debug] [2025-01-16T10:52:53.943Z] >>> [apiv2][query] POST https://www.googleapis.com/oauth2/v3/token [none]
[debug] [2025-01-16T10:52:53.943Z] >>> [apiv2][body] POST https://www.googleapis.com/oauth2/v3/token [omitted]
[debug] [2025-01-16T10:52:54.637Z] <<< [apiv2][status] POST https://www.googleapis.com/oauth2/v3/token 400
[debug] [2025-01-16T10:52:54.638Z] <<< [apiv2][body] POST https://www.googleapis.com/oauth2/v3/token [omitted]
[debug] [2025-01-16T10:52:54.638Z] >>> [apiv2][query] POST https://cloudresourcemanager.googleapis.com/v1/projects/portfolio-ef9a6:testIamPermissions [none]
[debug] [2025-01-16T10:52:54.638Z] >>> [apiv2][(partial)header] POST https://cloudresourcemanager.googleapis.com/v1/projects/portfolio-ef9a6:testIamPermissions x-goog-quota-user=projects/portfolio-ef9a6
[debug] [2025-01-16T10:52:54.638Z] >>> [apiv2][body] POST https://cloudresourcemanager.googleapis.com/v1/projects/portfolio-ef9a6:testIamPermissions {"permissions":["firebase.projects.get","firebasehosting.sites.update"]}
[debug] [2025-01-16T10:52:56.466Z] <<< [apiv2][status] POST https://cloudresourcemanager.googleapis.com/v1/projects/portfolio-ef9a6:testIamPermissions 401
[debug] [2025-01-16T10:52:56.466Z] <<< [apiv2][body] POST https://cloudresourcemanager.googleapis.com/v1/projects/portfolio-ef9a6:testIamPermissions {"error":{"code":401,"message":"Request had invalid authentication credentials. Expected OAuth 2 access token, login cookie or other valid authentication credential. See https://developers.google.com/identity/sign-in/web/devconsole-project.","status":"UNAUTHENTICATED","details":[{"@type":"type.googleapis.com/google.rpc.ErrorInfo","reason":"ACCESS_TOKEN_TYPE_UNSUPPORTED","metadata":{"method":"google.cloudresourcemanager.v1.Projects.TestIamPermissions","service":"cloudresourcemanager.googleapis.com"}}]}}
[debug] [2025-01-16T10:52:56.467Z] Got a 401 Unauthenticated error for a call that required authentication. Refreshing tokens.
[debug] [2025-01-16T10:52:56.467Z] Checked if tokens are valid: false, expires at: 1728817855898
[debug] [2025-01-16T10:52:56.467Z] Checked if tokens are valid: false, expires at: 1728817855898
[debug] [2025-01-16T10:52:56.467Z] > refreshing access token with scopes: []
[debug] [2025-01-16T10:52:56.467Z] >>> [apiv2][query] POST https://www.googleapis.com/oauth2/v3/token [none]
[debug] [2025-01-16T10:52:56.467Z] >>> [apiv2][body] POST https://www.googleapis.com/oauth2/v3/token [omitted]
[debug] [2025-01-16T10:52:57.122Z] <<< [apiv2][status] POST https://www.googleapis.com/oauth2/v3/token 400
[debug] [2025-01-16T10:52:57.123Z] <<< [apiv2][body] POST https://www.googleapis.com/oauth2/v3/token [omitted]
[debug] [2025-01-16T10:52:57.123Z] [iam] error while checking permissions, command may fail: FirebaseError: HTTP Error: 401, Request had invalid authentication credentials. Expected OAuth 2 access token, login cookie or other valid authentication credential. See https://developers.google.com/identity/sign-in/web/devconsole-project.
[debug] [2025-01-16T10:52:57.124Z] Checked if tokens are valid: false, expires at: 1728817855898
[debug] [2025-01-16T10:52:57.124Z] Checked if tokens are valid: false, expires at: 1728817855898
[debug] [2025-01-16T10:52:57.124Z] > refreshing access token with scopes: []
[debug] [2025-01-16T10:52:57.124Z] >>> [apiv2][query] POST https://www.googleapis.com/oauth2/v3/token [none]
[debug] [2025-01-16T10:52:57.124Z] >>> [apiv2][body] POST https://www.googleapis.com/oauth2/v3/token [omitted]
[debug] [2025-01-16T10:52:57.767Z] <<< [apiv2][status] POST https://www.googleapis.com/oauth2/v3/token 400
[debug] [2025-01-16T10:52:57.767Z] <<< [apiv2][body] POST https://www.googleapis.com/oauth2/v3/token [omitted]
[debug] [2025-01-16T10:52:57.768Z] >>> [apiv2][query] GET https://firebase.googleapis.com/v1beta1/projects/portfolio-ef9a6 [none]
[debug] [2025-01-16T10:52:58.387Z] <<< [apiv2][status] GET https://firebase.googleapis.com/v1beta1/projects/portfolio-ef9a6 401
[debug] [2025-01-16T10:52:58.387Z] <<< [apiv2][body] GET https://firebase.googleapis.com/v1beta1/projects/portfolio-ef9a6 {"error":{"code":401,"message":"Request had invalid authentication credentials. Expected OAuth 2 access token, login cookie or other valid authentication credential. See https://developers.google.com/identity/sign-in/web/devconsole-project.","status":"UNAUTHENTICATED"}}
[debug] [2025-01-16T10:52:58.387Z] Got a 401 Unauthenticated error for a call that required authentication. Refreshing tokens.
[debug] [2025-01-16T10:52:58.387Z] Checked if tokens are valid: false, expires at: 1728817855898
[debug] [2025-01-16T10:52:58.387Z] Checked if tokens are valid: false, expires at: 1728817855898
[debug] [2025-01-16T10:52:58.387Z] > refreshing access token with scopes: []
[debug] [2025-01-16T10:52:58.388Z] >>> [apiv2][query] POST https://www.googleapis.com/oauth2/v3/token [none]
[debug] [2025-01-16T10:52:58.388Z] >>> [apiv2][body] POST https://www.googleapis.com/oauth2/v3/token [omitted]
[debug] [2025-01-16T10:52:59.018Z] <<< [apiv2][status] POST https://www.googleapis.com/oauth2/v3/token 400
[debug] [2025-01-16T10:52:59.018Z] <<< [apiv2][body] POST https://www.googleapis.com/oauth2/v3/token [omitted]
[debug] [2025-01-16T10:52:59.018Z] HTTP Error: 401, Request had invalid authentication credentials. Expected OAuth 2 access token, login cookie or other valid authentication credential. See https://developers.google.com/identity/sign-in/web/devconsole-project.
[error] 
[error] Error: Assertion failed: resolving hosting target of a site with no site name or target name. This should have caused an error earlier
